C:\Users\Peter\source\repos\DatingApp\ClientApp\dist\out-tsc\app\_models\user.js
C:\Users\Peter\source\repos\DatingApp\ClientApp\dist\out-tsc\app\_models\user.js.map
C:\Users\Peter\source\repos\DatingApp\ClientApp\dist\out-tsc\app\_services\account.service.js
C:\Users\Peter\source\repos\DatingApp\ClientApp\dist\out-tsc\app\_services\account.service.js.map
C:\Users\Peter\source\repos\DatingApp\ClientApp\dist\out-tsc\app\app.component.js
C:\Users\Peter\source\repos\DatingApp\ClientApp\dist\out-tsc\app\app.component.js.map
C:\Users\Peter\source\repos\DatingApp\ClientApp\dist\out-tsc\app\nav\nav.component.js
C:\Users\Peter\source\repos\DatingApp\ClientApp\dist\out-tsc\app\nav\nav.component.js.map
C:\Users\Peter\source\repos\DatingApp\ClientApp\dist\out-tsc\app\home\home.component.js
C:\Users\Peter\source\repos\DatingApp\ClientApp\dist\out-tsc\app\home\home.component.js.map
C:\Users\Peter\source\repos\DatingApp\ClientApp\dist\out-tsc\app\app.module.js
C:\Users\Peter\source\repos\DatingApp\ClientApp\dist\out-tsc\app\app.module.js.map
C:\Users\Peter\source\repos\DatingApp\ClientApp\dist\out-tsc\environments\environment.js
C:\Users\Peter\source\repos\DatingApp\ClientApp\dist\out-tsc\environments\environment.js.map
C:\Users\Peter\source\repos\DatingApp\ClientApp\dist\out-tsc\main.js
C:\Users\Peter\source\repos\DatingApp\ClientApp\dist\out-tsc\main.js.map
C:\Users\Peter\source\repos\DatingApp\ClientApp\dist\out-tsc\polyfills.js
C:\Users\Peter\source\repos\DatingApp\ClientApp\dist\out-tsc\polyfills.js.map
C:\Users\Peter\source\repos\DatingApp\ClientApp\dist\out-tsc\test.js
C:\Users\Peter\source\repos\DatingApp\ClientApp\dist\out-tsc\test.js.map
C:\Users\Peter\source\repos\DatingApp\ClientApp\dist\out-tsc\app\app.component.spec.js
C:\Users\Peter\source\repos\DatingApp\ClientApp\dist\out-tsc\app\app.component.spec.js.map
C:\Users\Peter\source\repos\DatingApp\ClientApp\dist\out-tsc\environments\environment.prod.js
C:\Users\Peter\source\repos\DatingApp\ClientApp\dist\out-tsc\environments\environment.prod.js.map
